[2026-06-17 15:29:55] regenerating...
/mnt/home/mlikianov/dashboard/generate.py:39: UserWarning: Could not infer format, so each element will be parsed individually, falling back to `dateutil`. To ensure parsing is consistent and as-expected, please specify a format.
  df[c+"_dt"] = pd.to_datetime(df[c], errors="coerce")
Generated dashboard at /mnt/home/mlikianov/dashboard — 5370 total, 0R/50PD
To github-af3:matvei-lukianov/af3-dashboard.git
   0104bfa..72e5612  main -> main
[2026-06-17 15:29:55] pushed
[2026-06-17 16:30:04] regenerating...
/mnt/home/mlikianov/dashboard/generate.py:39: UserWarning: Could not infer format, so each element will be parsed individually, falling back to `dateutil`. To ensure parsing is consistent and as-expected, please specify a format.
  df[c+"_dt"] = pd.to_datetime(df[c], errors="coerce")
Generated dashboard at /mnt/home/mlikianov/dashboard — 5370 total, 0R/50PD
To github-af3:matvei-lukianov/af3-dashboard.git
   72e5612..059e679  main -> main
[2026-06-17 16:30:04] pushed
[2026-06-17 17:30:13] regenerating...
/mnt/home/mlikianov/dashboard/generate.py:39: UserWarning: Could not infer format, so each element will be parsed individually, falling back to `dateutil`. To ensure parsing is consistent and as-expected, please specify a format.
  df[c+"_dt"] = pd.to_datetime(df[c], errors="coerce")
Generated dashboard at /mnt/home/mlikianov/dashboard — 5370 total, 0R/50PD
To github-af3:matvei-lukianov/af3-dashboard.git
   059e679..77d5a9f  main -> main
[2026-06-17 17:30:13] pushed
[2026-06-17 18:30:21] regenerating...
/mnt/home/mlikianov/dashboard/generate.py:39: UserWarning: Could not infer format, so each element will be parsed individually, falling back to `dateutil`. To ensure parsing is consistent and as-expected, please specify a format.
  df[c+"_dt"] = pd.to_datetime(df[c], errors="coerce")
Generated dashboard at /mnt/home/mlikianov/dashboard — 5370 total, 0R/50PD
To github-af3:matvei-lukianov/af3-dashboard.git
   77d5a9f..f7479ce  main -> main
[2026-06-17 18:30:21] pushed
[2026-06-17 19:30:29] regenerating...
/mnt/home/mlikianov/dashboard/generate.py:39: UserWarning: Could not infer format, so each element will be parsed individually, falling back to `dateutil`. To ensure parsing is consistent and as-expected, please specify a format.
  df[c+"_dt"] = pd.to_datetime(df[c], errors="coerce")
Generated dashboard at /mnt/home/mlikianov/dashboard — 5370 total, 0R/50PD
To github-af3:matvei-lukianov/af3-dashboard.git
   f7479ce..5e27991  main -> main
[2026-06-17 19:30:29] pushed
[2026-06-17 20:30:36] regenerating...
/mnt/home/mlikianov/dashboard/generate.py:39: UserWarning: Could not infer format, so each element will be parsed individually, falling back to `dateutil`. To ensure parsing is consistent and as-expected, please specify a format.
  df[c+"_dt"] = pd.to_datetime(df[c], errors="coerce")
Generated dashboard at /mnt/home/mlikianov/dashboard — 5370 total, 0R/50PD
To github-af3:matvei-lukianov/af3-dashboard.git
   5e27991..87379d0  main -> main
[2026-06-17 20:30:36] pushed
[2026-06-17 21:30:44] regenerating...
/mnt/home/mlikianov/dashboard/generate.py:39: UserWarning: Could not infer format, so each element will be parsed individually, falling back to `dateutil`. To ensure parsing is consistent and as-expected, please specify a format.
  df[c+"_dt"] = pd.to_datetime(df[c], errors="coerce")
Generated dashboard at /mnt/home/mlikianov/dashboard — 5370 total, 0R/50PD
To github-af3:matvei-lukianov/af3-dashboard.git
   87379d0..39b70a2  main -> main
[2026-06-17 21:30:44] pushed
[2026-06-17 22:30:52] regenerating...
/mnt/home/mlikianov/dashboard/generate.py:39: UserWarning: Could not infer format, so each element will be parsed individually, falling back to `dateutil`. To ensure parsing is consistent and as-expected, please specify a format.
  df[c+"_dt"] = pd.to_datetime(df[c], errors="coerce")
Generated dashboard at /mnt/home/mlikianov/dashboard — 5370 total, 0R/50PD
